<?xml version="1.0" encoding="UTF-8"?>
<testsuite name="CalculatorTest" tests="3" skipped="0" failures="0" errors="0" timestamp="2022-10-13T11:45:10" hostname="MacBook-Anastasia.local" time="0.076">
  <properties/>
  <testcase name="[1] 2, 3, 6" classname="CalculatorTest" time="0.055"/>
  <testcase name="[2] 4, 5, 20" classname="CalculatorTest" time="0.006"/>
  <testcase name="[3] 1, 2, 2" classname="CalculatorTest" time="0.003"/>
  <system-out><![CDATA[AllTestsStarted
TestStarted
TestFinished
TestStarted
TestFinished
TestStarted
TestFinished
AllTestsFinished
]]></system-out>
  <system-err><![CDATA[]]></system-err>
</testsuite>
